<?xml version="1.0" encoding="UTF-8"?>
<!-- Generated by org.testng.reporters.JUnitXMLReporter -->
<testsuite ignored="2" hostname="LAPTOP-NTBPMJL5" failures="0" tests="1" name="Default test" time="3.527" errors="0" timestamp="2024-08-06T14:36:00 PDT">
  <testcase classname="testCases.PutPatchAndDeleteExamples" name="test_Put" time="3.492"/>
  <testcase classname="testCases.PutPatchAndDeleteExamples" name="test_Delete" time="0.0">
    <ignored/>
  </testcase> <!-- test_Delete -->
  <testcase classname="testCases.PutPatchAndDeleteExamples" name="test_Patch" time="0.0">
    <ignored/>
  </testcase> <!-- test_Patch -->
</testsuite> <!-- Default test -->
