<?xml version="1.0" encoding="UTF-8"?>
<!-- Generated by org.testng.reporters.JUnitXMLReporter -->
<testsuite ignored="0" hostname="LAPTOP-NTBPMJL5" failures="0" tests="4" name="Default test" time="4.091" errors="0" timestamp="2024-07-25T19:25:45 PDT">
  <testcase classname="testCases.TC_VideoGameAPI" name="get_Method" time="1.942"/>
  <testcase classname="testCases.TC_VideoGameAPI" name="post_Method" time="1.049"/>
  <testcase classname="testCases.TC_VideoGameAPI" name="Put_Method" time="0.554"/>
  <testcase classname="testCases.TC_VideoGameAPI" name="delete_Method" time="0.497"/>
</testsuite> <!-- Default test -->
