<?xml version="1.0" encoding="UTF-8"?>
<!-- Generated by org.testng.reporters.JUnitXMLReporter -->
<testsuite ignored="0" hostname="LAPTOP-NTBPMJL5" failures="0" tests="5" name="Test" time="2.887" errors="0" timestamp="2024-08-07T19:31:08 PDT">
  <testcase classname="miniProject.TC_VideoGameAPI" name="test_getAllVideoGames" time="1.492"/>
  <testcase classname="miniProject.TC_VideoGameAPI" name="test_addNewVideoGame" time="0.611"/>
  <testcase classname="miniProject.TC_VideoGameAPI" name="test_getVideoGame" time="0.649"/>
  <testcase classname="miniProject.TC_VideoGameAPI" name="test_updateVideoGame" time="0.064"/>
  <testcase classname="miniProject.TC_VideoGameAPI" name="test_deleteVideoGame" time="0.025"/>
</testsuite> <!-- Test -->
