<?xml version="1.0" encoding="UTF-8"?>
<testng-results ignored="2" total="3" passed="1" failed="0" skipped="0">
  <reporter-output>
  </reporter-output>
  <suite started-at="2024-08-06T14:35:56 PDT" name="Default suite" finished-at="2024-08-06T14:36:00 PDT" duration-ms="3527">
    <groups>
    </groups>
    <test started-at="2024-08-06T14:35:56 PDT" name="Default test" finished-at="2024-08-06T14:36:00 PDT" duration-ms="3527">
      <class name="testCases.PutPatchAndDeleteExamples">
        <test-method signature="test_Put()[pri:0, instance:testCases.PutPatchAndDeleteExamples@3daa422a]" started-at="2024-08-06T14:35:56 PDT" name="test_Put" finished-at="2024-08-06T14:36:00 PDT" duration-ms="3492" status="PASS">
          <reporter-output>
          </reporter-output>
        </test-method> <!-- test_Put -->
      </class> <!-- testCases.PutPatchAndDeleteExamples -->
    </test> <!-- Default test -->
  </suite> <!-- Default suite -->
</testng-results>
