<?xml version="1.0" encoding="UTF-8"?>
<testng-results ignored="0" total="4" passed="4" failed="0" skipped="0">
  <reporter-output>
  </reporter-output>
  <suite started-at="2024-07-25T19:25:41 PDT" name="Default suite" finished-at="2024-07-25T19:25:45 PDT" duration-ms="4091">
    <groups>
    </groups>
    <test started-at="2024-07-25T19:25:41 PDT" name="Default test" finished-at="2024-07-25T19:25:45 PDT" duration-ms="4091">
      <class name="testCases.TC_VideoGameAPI">
        <test-method signature="get_Method()[pri:1, instance:testCases.TC_VideoGameAPI@3d74bf60]" started-at="2024-07-25T19:25:41 PDT" name="get_Method" finished-at="2024-07-25T19:25:43 PDT" duration-ms="1942" status="PASS">
          <reporter-output>
          </reporter-output>
        </test-method> <!-- get_Method -->
        <test-method signature="post_Method()[pri:2, instance:testCases.TC_VideoGameAPI@3d74bf60]" started-at="2024-07-25T19:25:43 PDT" name="post_Method" finished-at="2024-07-25T19:25:44 PDT" duration-ms="1049" status="PASS">
          <reporter-output>
          </reporter-output>
        </test-method> <!-- post_Method -->
        <test-method signature="Put_Method()[pri:3, instance:testCases.TC_VideoGameAPI@3d74bf60]" started-at="2024-07-25T19:25:44 PDT" name="Put_Method" finished-at="2024-07-25T19:25:45 PDT" duration-ms="554" status="PASS">
          <reporter-output>
          </reporter-output>
        </test-method> <!-- Put_Method -->
        <test-method signature="delete_Method()[pri:4, instance:testCases.TC_VideoGameAPI@3d74bf60]" started-at="2024-07-25T19:25:45 PDT" name="delete_Method" finished-at="2024-07-25T19:25:45 PDT" duration-ms="497" status="PASS">
          <reporter-output>
          </reporter-output>
        </test-method> <!-- delete_Method -->
      </class> <!-- testCases.TC_VideoGameAPI -->
    </test> <!-- Default test -->
  </suite> <!-- Default suite -->
</testng-results>
